--Fetch Job list: (  10 ) Mon Jul 29 20:24:37 CST 2013


--------------------
10:start--------------------
10: get content success.
10: total_words:391
10: The not cached, curling...
10: error: The curl failed.
10: estimates not cached, curling...
10: error: estimates curl failed.
10: of not cached, curling...
10: error: of curl failed.
10: the not cached, curling...
10: error: the curl failed.
10: numbers not cached, curling...
10: error: numbers curl failed.
10: of not cached, curling...
10: error: of curl failed.
10: home not cached, curling...
10: error: home curl failed.
10: schooled not cached, curling...
10: error: schooled curl failed.
10: children not cached, curling...
10: error: children curl failed.
10: vary not cached, curling...
10:vary fetched success. cat: 1
10: widely not cached, curling...
10:widely fetched success. cat: 1 2
10: The not cached, curling...
10: error: The curl failed.
10: U not cached, curling...
10: error: U curl failed.
10: S not cached, curling...
10: error: S curl failed.
10: Department not cached, curling...
10:Department fetched success. cat: 1
10: of not cached, curling...
10: error: of curl failed.
10: Education not cached, curling...
10:Education fetched success. cat: 1
10: estimates not cached, curling...
10: error: estimates curl failed.
10: there not cached, curling...
10: error: there curl failed.
10: are not cached, curling...
10: error: are curl failed.
10: to not cached, curling...
10: error: to curl failed.
10: home not cached, curling...
10: error: home curl failed.
10: schooled not cached, curling...
10: error: schooled curl failed.
10: children not cached, curling...
10: error: children curl failed.
10: in not cached, curling...
10: error: in curl failed.
10: the not cached, curling...
10: error: the curl failed.
10: country not cached, curling...
10: error: country curl failed.
10: Home not cached, curling...
10: error: Home curl failed.
10: school not cached, curling...
10: error: school curl failed.
10: advocates not cached, curling...
10: error: advocates curl failed.
10: put not cached, curling...
10: error: put curl failed.
10: the not cached, curling...
10: error: the curl failed.
10: number not cached, curling...
10:number fetched success. cat: 2
10: much not cached, curling...
10: error: much curl failed.
10: higher not cached, curling...
10: error: higher curl failed.
10: at not cached, curling...
10: error: at curl failed.
10: about not cached, curling...
10: error: about curl failed.
10: a not cached, curling...
10: error: a curl failed.
10: million not cached, curling...
10:million fetched success. cat: 1
10: Many not cached, curling...
10:Many fetched success. cat: 1
10: public not cached, curling...
10: error: public curl failed.
10: school not cached, curling...
10: error: school curl failed.
10: advocates not cached, curling...
10: error: advocates curl failed.
10: take not cached, curling...
10: error: take curl failed.
10: a not cached, curling...
10: error: a curl failed.
10: harsh not cached, curling...
10:harsh fetched success. cat: 1 2
10: attitude not cached, curling...
10:attitude fetched success. cat: 1
10: toward not cached, curling...
10: error: toward curl failed.
10: home not cached, curling...
10: error: home curl failed.
10: schoolers not cached, curling...
10: error: schoolers curl failed.
10: perceiving not cached, curling...
10: error: perceiving curl failed.
10: their not cached, curling...
10: error: their curl failed.
10: actions not cached, curling...
10: error: actions curl failed.
10: as not cached, curling...
10: error: as curl failed.
10: the not cached, curling...
10: error: the curl failed.
10: ultimate not cached, curling...
10:ultimate fetched success. cat: 1 2
10: slap not cached, curling...
10:slap fetched success. cat: 2
10: in not cached, curling...
10: error: in curl failed.
10: the not cached, curling...
10: error: the curl failed.
10: face not cached, curling...
10: error: face curl failed.
10: for not cached, curling...
10: error: for curl failed.
10: public not cached, curling...
10: error: public curl failed.
10: education cached, not need curl...
10: and not cached, curling...
10: error: and curl failed.
10: a not cached, curling...
10: error: a curl failed.
10: damaging not cached, curling...
10: error: damaging curl failed.
10: move not cached, curling...
10:move fetched success. cat: 2
10: for not cached, curling...
10: error: for curl failed.
10: the not cached, curling...
10: error: the curl failed.
10: children not cached, curling...
10: error: children curl failed.
10: Home not cached, curling...
10: error: Home curl failed.
10: schoolers not cached, curling...
10: error: schoolers curl failed.
10: harbor not cached, curling...
10: error: harbor curl failed.
10: few not cached, curling...
10: error: few curl failed.
10: kind not cached, curling...
10: error: kind curl failed.
10: words not cached, curling...
10: error: words curl failed.
10: for not cached, curling...
10: error: for curl failed.
10: public not cached, curling...
10: error: public curl failed.
10: schools not cached, curling...
10: error: schools curl failed.
10: charging not cached, curling...
10: error: charging curl failed.
10: shortcomings not cached, curling...
10: error: shortcomings curl failed.
10: that not cached, curling...
10: error: that curl failed.
10: range not cached, curling...
10:range fetched success. cat: 1 2
10: from not cached, curling...
10: error: from curl failed.
10: lack not cached, curling...
10:lack fetched success. cat: 1
10: of not cached, curling...
10: error: of curl failed.
10: religious not cached, curling...
10:religious fetched success. cat: 1
10: perspective not cached, curling...
10:perspective fetched success. cat: 1
10: in not cached, curling...
10: error: in curl failed.
10: the not cached, curling...
10: error: the curl failed.
10: curriculum not cached, curling...
10: error: curriculum curl failed.
10: to not cached, curling...
10: error: to curl failed.
10: a not cached, curling...
10: error: a curl failed.
10: herdlike not cached, curling...
10: error: herdlike curl failed.
10: approach not cached, curling...
10:approach fetched success. cat: 1
10: to not cached, curling...
10: error: to curl failed.
10: teaching not cached, curling...
10: error: teaching curl failed.
10: children not cached, curling...
10: error: children curl failed.
10: Yet not cached, curling...
10: error: Yet curl failed.
10: as not cached, curling...
10: error: as curl failed.
10: public not cached, curling...
10: error: public curl failed.
10: school not cached, curling...
10: error: school curl failed.
10: officials not cached, curling...
10: error: officials curl failed.
10: realize not cached, curling...
10: error: realize curl failed.
10: they not cached, curling...
10: error: they curl failed.
10: stand not cached, curling...
10:stand fetched success. cat: 1
10: little not cached, curling...
10:little fetched success. cat: 1
10: to not cached, curling...
10: error: to curl failed.
10: gain not cached, curling...
10:gain fetched success. cat: 1
10: by not cached, curling...
10: error: by curl failed.
10: remaining not cached, curling...
10: error: remaining curl failed.
10: hostile not cached, curling...
10:hostile fetched success. cat: 1 2
10: to not cached, curling...
10: error: to curl failed.
10: the not cached, curling...
10: error: the curl failed.
10: home not cached, curling...
10: error: home curl failed.
10: school not cached, curling...
10: error: school curl failed.
10: population not cached, curling...
10:population fetched success. cat: 1
10: and not cached, curling...
10: error: and curl failed.
10: as not cached, curling...
10: error: as curl failed.
10: home not cached, curling...
10: error: home curl failed.
10: sehoolers not cached, curling...
10: error: sehoolers curl failed.
10: realize not cached, curling...
10: error: realize curl failed.
10: they not cached, curling...
10: error: they curl failed.
10: can not cached, curling...
10:can fetched success. cat: 2
10: reap not cached, curling...
10:reap fetched success. cat: 1
10: benefits not cached, curling...
10: error: benefits curl failed.
10: from not cached, curling...
10: error: from curl failed.
10: public not cached, curling...
10: error: public curl failed.
10: schools not cached, curling...
10: error: schools curl failed.
10: these not cached, curling...
10: error: these curl failed.
10: hard not cached, curling...
10:hard fetched success. cat: 2
10: lines not cached, curling...
10: error: lines curl failed.
10: seem not cached, curling...
10: error: seem curl failed.
10: to not cached, curling...
10: error: to curl failed.
10: be not cached, curling...
10: error: be curl failed.
10: softening not cached, curling...
10: error: softening curl failed.
10: a not cached, curling...
10: error: a curl failed.
10: bit not cached, curling...
10: error: bit curl failed.
10: Public not cached, curling...
10: error: Public curl failed.
10: schools not cached, curling...
10: error: schools curl failed.
10: and not cached, curling...
10: error: and curl failed.
10: home not cached, curling...
10: error: home curl failed.
10: shoolers not cached, curling...
10: error: shoolers curl failed.
10: have not cached, curling...
10:have fetched success. cat: 1
10: moved not cached, curling...
10: error: moved curl failed.
10: closer not cached, curling...
10: error: closer curl failed.
10: to not cached, curling...
10: error: to curl failed.
10: tolerance not cached, curling...
10:tolerance fetched success. cat: 1
10: and not cached, curling...
10: error: and curl failed.
10: in not cached, curling...
10: error: in curl failed.
10: some not cached, curling...
10: error: some curl failed.
10: cases not cached, curling...
10: error: cases curl failed.
10: even not cached, curling...
10:even fetched success. cat: 1 2
10: cooperation not cached, curling...
10: error: cooperation curl failed.
10: Says not cached, curling...
10: error: Says curl failed.
10: John not cached, curling...
10: error: John curl failed.
10: Marshall not cached, curling...
10: error: Marshall curl failed.
10: an not cached, curling...
10: error: an curl failed.
10: education cached, not need curl...
10: official not cached, curling...
10:official fetched success. cat: 1
10: We not cached, curling...
10: error: We curl failed.
10: are not cached, curling...
10: error: are curl failed.
10: becoming not cached, curling...
10: error: becoming curl failed.
10: relatively not cached, curling...
10:relatively fetched success. cat: 1
10: tolerant not cached, curling...
10:tolerant fetched success. cat: 2
10: of not cached, curling...
10: error: of curl failed.
10: home not cached, curling...
10: error: home curl failed.
10: schoolers not cached, curling...
10: error: schoolers curl failed.
10: The not cached, curling...
10: error: The curl failed.
10: idea not cached, curling...
10: error: idea curl failed.
10: is not cached, curling...
10: error: is curl failed.
10: Let not cached, curling...
10: error: Let curl failed.
10: s not cached, curling...
10: error: s curl failed.
10: give not cached, curling...
10: error: give curl failed.
10: the not cached, curling...
10: error: the curl failed.
10: kids not cached, curling...
10: error: kids curl failed.
10: access not cached, curling...
10:access fetched success. cat: 1
10: to not cached, curling...
10: error: to curl failed.
10: public not cached, curling...
10: error: public curl failed.
10: school not cached, curling...
10: error: school curl failed.
10: so not cached, curling...
10: error: so curl failed.
10: they not cached, curling...
10: error: they curl failed.
10: ll not cached, curling...
10: error: ll curl failed.
10: see not cached, curling...
10: error: see curl failed.
10: it not cached, curling...
10: error: it curl failed.
10: s not cached, curling...
10: error: s curl failed.
10: not not cached, curling...
10: error: not curl failed.
10: as not cached, curling...
10: error: as curl failed.
10: terrible not cached, curling...
10:terrible fetched success. cat: 1
10: as not cached, curling...
10: error: as curl failed.
10: they not cached, curling...
10: error: they curl failed.
10: ve not cached, curling...
10: error: ve curl failed.
10: been not cached, curling...
10: error: been curl failed.
10: told not cached, curling...
10: error: told curl failed.
10: and not cached, curling...
10: error: and curl failed.
10: they not cached, curling...
10: error: they curl failed.
10: ll not cached, curling...
10: error: ll curl failed.
10: want not cached, curling...
10: error: want curl failed.
10: to not cached, curling...
10: error: to curl failed.
10: come not cached, curling...
10: error: come curl failed.
10: back not cached, curling...
10: error: back curl failed.
10: Perhaps not cached, curling...
10: error: Perhaps curl failed.
10: but not cached, curling...
10: error: but curl failed.
10: don not cached, curling...
10: error: don curl failed.
10: t not cached, curling...
10: error: t curl failed.
10: count not cached, curling...
10:count fetched success. cat: 1 2
10: on not cached, curling...
10: error: on curl failed.
10: it not cached, curling...
10: error: it curl failed.
10: say not cached, curling...
10: error: say curl failed.
10: home not cached, curling...
10: error: home curl failed.
10: school not cached, curling...
10: error: school curl failed.
10: advocates not cached, curling...
10: error: advocates curl failed.
10: Home not cached, curling...
10: error: Home curl failed.
10: schoolers not cached, curling...
10: error: schoolers curl failed.
10: oppose not cached, curling...
10:oppose fetched success. cat: 1
10: the not cached, curling...
10: error: the curl failed.
10: system not cached, curling...
10:system fetched success. cat: 1
10: because not cached, curling...
10: error: because curl failed.
10: they not cached, curling...
10: error: they curl failed.
10: have cached, not need curl...
10: strong not cached, curling...
10: error: strong curl failed.
10: convictions not cached, curling...
10: error: convictions curl failed.
10: that not cached, curling...
10: error: that curl failed.
10: their not cached, curling...
10: error: their curl failed.
10: approach cached, not need curl...
10: to not cached, curling...
10: error: to curl failed.
10: education cached, not need curl...
10: wether not cached, curling...
10: error: wether curl failed.
10: fueled not cached, curling...
10: error: fueled curl failed.
10: by not cached, curling...
10: error: by curl failed.
10: religious cached, not need curl...
10: enthusiasm not cached, curling...
10:enthusiasm fetched success. cat: 1
10: or not cached, curling...
10: error: or curl failed.
10: the not cached, curling...
10: error: the curl failed.
10: individual not cached, curling...
10:individual fetched success. cat: 1 2
10: child not cached, curling...
10: error: child curl failed.
10: s not cached, curling...
10: error: s curl failed.
10: interests not cached, curling...
10: error: interests curl failed.
10: and not cached, curling...
10: error: and curl failed.
10: natural not cached, curling...
10:natural fetched success. cat: 1
10: pace not cached, curling...
10:pace fetched success. cat: 2
10: is not cached, curling...
10: error: is curl failed.
10: best not cached, curling...
10: error: best curl failed.
10: The not cached, curling...
10: error: The curl failed.
10: bulk not cached, curling...
10:bulk fetched success. cat: 1
10: of not cached, curling...
10: error: of curl failed.
10: home not cached, curling...
10: error: home curl failed.
10: schoolers not cached, curling...
10: error: schoolers curl failed.
10: just not cached, curling...
10: error: just curl failed.
10: want not cached, curling...
10: error: want curl failed.
10: to not cached, curling...
10: error: to curl failed.
10: be not cached, curling...
10: error: be curl failed.
10: left not cached, curling...
10: error: left curl failed.
10: alone not cached, curling...
10:alone fetched success. cat: 1
10: says not cached, curling...
10: error: says curl failed.
10: Enge not cached, curling...
10: error: Enge curl failed.
10: Cannon not cached, curling...
10:Cannon fetched success. cat: 1
10: associate not cached, curling...
10:associate fetched success. cat: 1
10: director not cached, curling...
10:director fetched success. cat: 1
10: of not cached, curling...
10: error: of curl failed.
10: the not cached, curling...
10: error: the curl failed.
10: National not cached, curling...
10:National fetched success. cat: 1
10: Center not cached, curling...
10: error: Center curl failed.
10: For not cached, curling...
10: error: For curl failed.
10: Home not cached, curling...
10: error: Home curl failed.
10: Education cached, not need curl...
10: She not cached, curling...
10: error: She curl failed.
10: says not cached, curling...
10: error: says curl failed.
10: home not cached, curling...
10: error: home curl failed.
10: schoolers not cached, curling...
10: error: schoolers curl failed.
10: choose not cached, curling...
10:choose fetched success. cat: 1
10: that not cached, curling...
10: error: that curl failed.
10: path not cached, curling...
10:path fetched success. cat: 1
10: for not cached, curling...
10: error: for curl failed.
10: a not cached, curling...
10: error: a curl failed.
10: variety not cached, curling...
10:variety fetched success. cat: 1
10: of not cached, curling...
10: error: of curl failed.
10: reasons not cached, curling...
10: error: reasons curl failed.
10: but not cached, curling...
10: error: but curl failed.
10: religion not cached, curling...
10:religion fetched success. cat: 1 2
10: plays not cached, curling...
10: error: plays curl failed.
10: a not cached, curling...
10: error: a curl failed.
10: role not cached, curling...
10: error: role curl failed.
10: percent not cached, curling...
10: error: percent curl failed.
10: of not cached, curling...
10: error: of curl failed.
10: the not cached, curling...
10: error: the curl failed.
10: time not cached, curling...
10: error: time curl failed.
10: Professor not cached, curling...
10:Professor fetched success. cat: 1
10: Van not cached, curling...
10:Van fetched success. cat: 1
10: Galen not cached, curling...
10: error: Galen curl failed.
10: breaks not cached, curling...
10: error: breaks curl failed.
10: home not cached, curling...
10: error: home curl failed.
10: schoolers not cached, curling...
10: error: schoolers curl failed.
10: into not cached, curling...
10: error: into curl failed.
10: two not cached, curling...
10: error: two curl failed.
10: groups not cached, curling...
10: error: groups curl failed.
10: Some not cached, curling...
10: error: Some curl failed.
10: home not cached, curling...
10: error: home curl failed.
10: schoolers not cached, curling...
10: error: schoolers curl failed.
10: want not cached, curling...
10: error: want curl failed.
10: their not cached, curling...
10: error: their curl failed.
10: children not cached, curling...
10: error: children curl failed.
10: to not cached, curling...
10: error: to curl failed.
10: learn not cached, curling...
10: error: learn curl failed.
10: not not cached, curling...
10: error: not curl failed.
10: only not cached, curling...
10: error: only curl failed.
10: traditional not cached, curling...
10:traditional fetched success. cat: 1
10: subject not cached, curling...
10:subject fetched success. cat: 2
10: matter not cached, curling...
10:matter fetched success. cat: 1
10: but not cached, curling...
10: error: but curl failed.
10: also not cached, curling...
10: error: also curl failed.
10: strict not cached, curling...
10: error: strict curl failed.
10: religious cached, not need curl...
10: doctrine not cached, curling...
10:doctrine fetched success. cat: 2
10: and not cached, curling...
10: error: and curl failed.
10: a not cached, curling...
10: error: a curl failed.
10: conservative not cached, curling...
10:conservative fetched success. cat: 1 2
10: political not cached, curling...
10:political fetched success. cat: 1
10: and not cached, curling...
10: error: and curl failed.
10: social not cached, curling...
10:social fetched success. cat: 1
10: perspective cached, not need curl...
10: Not not cached, curling...
10: error: Not curl failed.
10: incidentally not cached, curling...
10:incidentally fetched success. cat: 2
10: they not cached, curling...
10: error: they curl failed.
10: also not cached, curling...
10: error: also curl failed.
10: want not cached, curling...
10: error: want curl failed.
10: their not cached, curling...
10: error: their curl failed.
10: children not cached, curling...
10: error: children curl failed.
10: to not cached, curling...
10: error: to curl failed.
10: learn not cached, curling...
10: error: learn curl failed.
10: both not cached, curling...
10: error: both curl failed.
10: intellectually not cached, curling...
10: error: intellectually curl failed.
10: and not cached, curling...
10: error: and curl failed.
10: emotionally not cached, curling...
10: error: emotionally curl failed.
10: that not cached, curling...
10: error: that curl failed.
10: the not cached, curling...
10: error: the curl failed.
10: family not cached, curling...
10: error: family curl failed.
10: is not cached, curling...
10: error: is curl failed.
10: the not cached, curling...
10: error: the curl failed.
10: most not cached, curling...
10: error: most curl failed.
10: important not cached, curling...
10:important fetched success. cat: 1
10: institution not cached, curling...
10:institution fetched success. cat: 1
10: in not cached, curling...
10: error: in curl failed.
10: society not cached, curling...
10:society fetched success. cat: 1
10: Other not cached, curling...
10: error: Other curl failed.
10: home not cached, curling...
10: error: home curl failed.
10: schoolers not cached, curling...
10: error: schoolers curl failed.
10: contend not cached, curling...
10:contend fetched success. cat: 2
10: not not cached, curling...
10: error: not curl failed.
10: so not cached, curling...
10: error: so curl failed.
10: much not cached, curling...
10: error: much curl failed.
10: that not cached, curling...
10: error: that curl failed.
10: the not cached, curling...
10: error: the curl failed.
10: schools not cached, curling...
10: error: schools curl failed.
10: teach not cached, curling...
10: error: teach curl failed.
10: heresy not cached, curling...
10: error: heresy curl failed.
10: but not cached, curling...
10: error: but curl failed.
10: that not cached, curling...
10: error: that curl failed.
10: schools not cached, curling...
10: error: schools curl failed.
10: teach not cached, curling...
10: error: teach curl failed.
10: whatever not cached, curling...
10: error: whatever curl failed.
10: they not cached, curling...
10: error: they curl failed.
10: teach not cached, curling...
10: error: teach curl failed.
10: inappropriately not cached, curling...
10: error: inappropriately curl failed.
10: Van cached, not need curl...
10: Galen not cached, curling...
10: error: Galen curl failed.
10: writes not cached, curling...
10: error: writes curl failed.
10: These not cached, curling...
10: error: These curl failed.
10: parents not cached, curling...
10: error: parents curl failed.
10: are not cached, curling...
10: error: are curl failed.
10: highly not cached, curling...
10: error: highly curl failed.
10: independent not cached, curling...
10:independent fetched success. cat: 1
10: and not cached, curling...
10: error: and curl failed.
10: strive not cached, curling...
10:strive fetched success. cat: 2
10: to not cached, curling...
10: error: to curl failed.
10: take not cached, curling...
10: error: take curl failed.
10: responsibility not cached, curling...
10:responsibility fetched success. cat: 1
10: for not cached, curling...
10: error: for curl failed.
10: their not cached, curling...
10: error: their curl failed.
10: own not cached, curling...
10: error: own curl failed.
10: lives not cached, curling...
10: error: lives curl failed.
10: within not cached, curling...
10:within fetched success. cat: 1
10: a not cached, curling...
10: error: a curl failed.
10: society cached, not need curl...
10: that not cached, curling...
10: error: that curl failed.
10: they not cached, curling...
10: error: they curl failed.
10: define not cached, curling...
10:define fetched success. cat: 1 2
10: as not cached, curling...
10: error: as curl failed.
10: bureaucratic not cached, curling...
10: error: bureaucratic curl failed.
10: and not cached, curling...
10: error: and curl failed.
10: inefficient not cached, curling...
10:inefficient fetched success. cat: 1
-----10: cet4:0, cet6:0, ge:0, gre:0, toefl:0
word:vary, times:1, cat: 1
CURL post word=vary aid=10 cat=1 times=1 UP_C:ok...
-----10: cet4:1, cet6:0, ge:0, gre:0, toefl:0
word:widely, times:1, cat: 1 2
CURL post word=widely aid=10 cat=1 times=1 UP_C:ok...
CURL post word=widely aid=10 cat=2 times=1 UP_C:ok...
-----10: cet4:2, cet6:1, ge:0, gre:0, toefl:0
word:Department, times:1, cat: 1
CURL post word=Department aid=10 cat=1 times=1 UP_C:ok...
-----10: cet4:3, cet6:1, ge:0, gre:0, toefl:0
word:Education, times:5, cat: 1
CURL post word=Education aid=10 cat=1 times=5 UP_C:ok...
-----10: cet4:8, cet6:1, ge:0, gre:0, toefl:0
word:number, times:1, cat: 2
CURL post word=number aid=10 cat=2 times=1 UP_C:ok...
-----10: cet4:8, cet6:2, ge:0, gre:0, toefl:0
word:million, times:1, cat: 1
CURL post word=million aid=10 cat=1 times=1 UP_C:ok...
-----10: cet4:9, cet6:2, ge:0, gre:0, toefl:0
word:Many, times:1, cat: 1
CURL post word=Many aid=10 cat=1 times=1 UP_C:ok...
-----10: cet4:10, cet6:2, ge:0, gre:0, toefl:0
word:harsh, times:1, cat: 1 2
CURL post word=harsh aid=10 cat=1 times=1 UP_C:ok...
CURL post word=harsh aid=10 cat=2 times=1 UP_C:ok...
-----10: cet4:11, cet6:3, ge:0, gre:0, toefl:0
word:attitude, times:1, cat: 1
CURL post word=attitude aid=10 cat=1 times=1 UP_C:ok...
-----10: cet4:12, cet6:3, ge:0, gre:0, toefl:0
word:ultimate, times:1, cat: 1 2
CURL post word=ultimate aid=10 cat=1 times=1 UP_C:ok...
CURL post word=ultimate aid=10 cat=2 times=1 UP_C:ok...
-----10: cet4:13, cet6:4, ge:0, gre:0, toefl:0
word:slap, times:1, cat: 2
CURL post word=slap aid=10 cat=2 times=1 UP_C:ok...
-----10: cet4:13, cet6:5, ge:0, gre:0, toefl:0
word:move, times:1, cat: 2
CURL post word=move aid=10 cat=2 times=1 UP_C:ok...
-----10: cet4:13, cet6:6, ge:0, gre:0, toefl:0
word:range, times:1, cat: 1 2
CURL post word=range aid=10 cat=1 times=1 UP_C:ok...
CURL post word=range aid=10 cat=2 times=1 UP_C:ok...
-----10: cet4:14, cet6:7, ge:0, gre:0, toefl:0
word:lack, times:1, cat: 1
CURL post word=lack aid=10 cat=1 times=1 UP_C:ok...
-----10: cet4:15, cet6:7, ge:0, gre:0, toefl:0
word:religious, times:3, cat: 1
CURL post word=religious aid=10 cat=1 times=3 UP_C:ok...
-----10: cet4:18, cet6:7, ge:0, gre:0, toefl:0
word:perspective, times:2, cat: 1
CURL post word=perspective aid=10 cat=1 times=2 UP_C:ok...
-----10: cet4:20, cet6:7, ge:0, gre:0, toefl:0
word:approach, times:2, cat: 1
CURL post word=approach aid=10 cat=1 times=2 UP_C:ok...
-----10: cet4:22, cet6:7, ge:0, gre:0, toefl:0
word:stand, times:1, cat: 1
CURL post word=stand aid=10 cat=1 times=1 UP_C:ok...
-----10: cet4:23, cet6:7, ge:0, gre:0, toefl:0
word:little, times:1, cat: 1
CURL post word=little aid=10 cat=1 times=1 UP_C:ok...
-----10: cet4:24, cet6:7, ge:0, gre:0, toefl:0
word:gain, times:1, cat: 1
CURL post word=gain aid=10 cat=1 times=1 UP_C:ok...
-----10: cet4:25, cet6:7, ge:0, gre:0, toefl:0
word:hostile, times:1, cat: 1 2
CURL post word=hostile aid=10 cat=1 times=1 UP_C:ok...
CURL post word=hostile aid=10 cat=2 times=1 UP_C:ok...
-----10: cet4:26, cet6:8, ge:0, gre:0, toefl:0
word:population, times:1, cat: 1
CURL post word=population aid=10 cat=1 times=1 UP_C:ok...
-----10: cet4:27, cet6:8, ge:0, gre:0, toefl:0
word:can, times:2, cat: 2
CURL post word=can aid=10 cat=2 times=2 UP_C:ok...
-----10: cet4:27, cet6:10, ge:0, gre:0, toefl:0
word:reap, times:1, cat: 1
CURL post word=reap aid=10 cat=1 times=1 UP_C:ok...
-----10: cet4:28, cet6:10, ge:0, gre:0, toefl:0
word:hard, times:1, cat: 2
CURL post word=hard aid=10 cat=2 times=1 UP_C:ok...
-----10: cet4:28, cet6:11, ge:0, gre:0, toefl:0
word:have, times:2, cat: 1
CURL post word=have aid=10 cat=1 times=2 UP_C:ok...
-----10: cet4:30, cet6:11, ge:0, gre:0, toefl:0
word:tolerance, times:1, cat: 1
CURL post word=tolerance aid=10 cat=1 times=1 UP_C:ok...
-----10: cet4:31, cet6:11, ge:0, gre:0, toefl:0
word:even, times:1, cat: 1 2
CURL post word=even aid=10 cat=1 times=1 UP_C:ok...
CURL post word=even aid=10 cat=2 times=1 UP_C:ok...
-----10: cet4:32, cet6:12, ge:0, gre:0, toefl:0
word:official, times:1, cat: 1
CURL post word=official aid=10 cat=1 times=1 UP_C:ok...
-----10: cet4:33, cet6:12, ge:0, gre:0, toefl:0
word:relatively, times:1, cat: 1
CURL post word=relatively aid=10 cat=1 times=1 UP_C:ok...
-----10: cet4:34, cet6:12, ge:0, gre:0, toefl:0
word:tolerant, times:1, cat: 2
CURL post word=tolerant aid=10 cat=2 times=1 UP_C:ok...
-----10: cet4:34, cet6:13, ge:0, gre:0, toefl:0
word:access, times:1, cat: 1
CURL post word=access aid=10 cat=1 times=1 UP_C:ok...
-----10: cet4:35, cet6:13, ge:0, gre:0, toefl:0
word:terrible, times:1, cat: 1
CURL post word=terrible aid=10 cat=1 times=1 UP_C:ok...
-----10: cet4:36, cet6:13, ge:0, gre:0, toefl:0
word:count, times:1, cat: 1 2
CURL post word=count aid=10 cat=1 times=1 UP_C:ok...
CURL post word=count aid=10 cat=2 times=1 UP_C:ok...
-----10: cet4:37, cet6:14, ge:0, gre:0, toefl:0
word:oppose, times:1, cat: 1
CURL post word=oppose aid=10 cat=1 times=1 UP_C:ok...
-----10: cet4:38, cet6:14, ge:0, gre:0, toefl:0
word:system, times:1, cat: 1
CURL post word=system aid=10 cat=1 times=1 UP_C:ok...
-----10: cet4:39, cet6:14, ge:0, gre:0, toefl:0
word:enthusiasm, times:1, cat: 1
CURL post word=enthusiasm aid=10 cat=1 times=1 UP_C:ok...
-----10: cet4:40, cet6:14, ge:0, gre:0, toefl:0
word:individual, times:1, cat: 1 2
CURL post word=individual aid=10 cat=1 times=1 UP_C:ok...
CURL post word=individual aid=10 cat=2 times=1 UP_C:ok...
-----10: cet4:41, cet6:15, ge:0, gre:0, toefl:0
word:natural, times:1, cat: 1
CURL post word=natural aid=10 cat=1 times=1 UP_C:ok...
-----10: cet4:42, cet6:15, ge:0, gre:0, toefl:0
word:pace, times:1, cat: 2
CURL post word=pace aid=10 cat=2 times=1 UP_C:ok...
-----10: cet4:42, cet6:16, ge:0, gre:0, toefl:0
word:bulk, times:1, cat: 1
CURL post word=bulk aid=10 cat=1 times=1 UP_C:ok...
-----10: cet4:43, cet6:16, ge:0, gre:0, toefl:0
word:alone, times:1, cat: 1
CURL post word=alone aid=10 cat=1 times=1 UP_C:ok...
-----10: cet4:44, cet6:16, ge:0, gre:0, toefl:0
word:Cannon, times:1, cat: 1
CURL post word=Cannon aid=10 cat=1 times=1 UP_C:ok...
-----10: cet4:45, cet6:16, ge:0, gre:0, toefl:0
word:associate, times:1, cat: 1
CURL post word=associate aid=10 cat=1 times=1 UP_C:ok...
-----10: cet4:46, cet6:16, ge:0, gre:0, toefl:0
word:director, times:1, cat: 1
CURL post word=director aid=10 cat=1 times=1 UP_C:ok...
-----10: cet4:47, cet6:16, ge:0, gre:0, toefl:0
word:National, times:1, cat: 1
CURL post word=National aid=10 cat=1 times=1 UP_C:ok...
-----10: cet4:48, cet6:16, ge:0, gre:0, toefl:0
word:choose, times:1, cat: 1
CURL post word=choose aid=10 cat=1 times=1 UP_C:ok...
-----10: cet4:49, cet6:16, ge:0, gre:0, toefl:0
word:path, times:1, cat: 1
CURL post word=path aid=10 cat=1 times=1 UP_C:ok...
-----10: cet4:50, cet6:16, ge:0, gre:0, toefl:0
word:variety, times:1, cat: 1
CURL post word=variety aid=10 cat=1 times=1 UP_C:ok...
-----10: cet4:51, cet6:16, ge:0, gre:0, toefl:0
word:religion, times:1, cat: 1 2
CURL post word=religion aid=10 cat=1 times=1 UP_C:ok...
CURL post word=religion aid=10 cat=2 times=1 UP_C:ok...
-----10: cet4:52, cet6:17, ge:0, gre:0, toefl:0
word:Professor, times:1, cat: 1
CURL post word=Professor aid=10 cat=1 times=1 UP_C:ok...
-----10: cet4:53, cet6:17, ge:0, gre:0, toefl:0
word:Van, times:2, cat: 1
CURL post word=Van aid=10 cat=1 times=2 UP_C:ok...
-----10: cet4:55, cet6:17, ge:0, gre:0, toefl:0
word:traditional, times:1, cat: 1
CURL post word=traditional aid=10 cat=1 times=1 UP_C:ok...
-----10: cet4:56, cet6:17, ge:0, gre:0, toefl:0
word:subject, times:1, cat: 2
CURL post word=subject aid=10 cat=2 times=1 UP_C:ok...
-----10: cet4:56, cet6:18, ge:0, gre:0, toefl:0
word:matter, times:1, cat: 1
CURL post word=matter aid=10 cat=1 times=1 UP_C:ok...
-----10: cet4:57, cet6:18, ge:0, gre:0, toefl:0
word:doctrine, times:1, cat: 2
CURL post word=doctrine aid=10 cat=2 times=1 UP_C:ok...
-----10: cet4:57, cet6:19, ge:0, gre:0, toefl:0
word:conservative, times:1, cat: 1 2
CURL post word=conservative aid=10 cat=1 times=1 UP_C:ok...
CURL post word=conservative aid=10 cat=2 times=1 UP_C:ok...
-----10: cet4:58, cet6:20, ge:0, gre:0, toefl:0
word:political, times:1, cat: 1
CURL post word=political aid=10 cat=1 times=1 UP_C:ok...
-----10: cet4:59, cet6:20, ge:0, gre:0, toefl:0
word:social, times:1, cat: 1
CURL post word=social aid=10 cat=1 times=1 UP_C:ok...
-----10: cet4:60, cet6:20, ge:0, gre:0, toefl:0
word:incidentally, times:1, cat: 2
CURL post word=incidentally aid=10 cat=2 times=1 UP_C:ok...
-----10: cet4:60, cet6:21, ge:0, gre:0, toefl:0
word:important, times:1, cat: 1
CURL post word=important aid=10 cat=1 times=1 UP_C:ok...
-----10: cet4:61, cet6:21, ge:0, gre:0, toefl:0
word:institution, times:1, cat: 1
CURL post word=institution aid=10 cat=1 times=1 UP_C:ok...
-----10: cet4:62, cet6:21, ge:0, gre:0, toefl:0
word:society, times:2, cat: 1
CURL post word=society aid=10 cat=1 times=2 UP_C:ok...
-----10: cet4:64, cet6:21, ge:0, gre:0, toefl:0
word:contend, times:1, cat: 2
CURL post word=contend aid=10 cat=2 times=1 UP_C:ok...
-----10: cet4:64, cet6:22, ge:0, gre:0, toefl:0
word:independent, times:1, cat: 1
CURL post word=independent aid=10 cat=1 times=1 UP_C:ok...
-----10: cet4:65, cet6:22, ge:0, gre:0, toefl:0
word:strive, times:1, cat: 2
CURL post word=strive aid=10 cat=2 times=1 UP_C:ok...
-----10: cet4:65, cet6:23, ge:0, gre:0, toefl:0
word:responsibility, times:1, cat: 1
CURL post word=responsibility aid=10 cat=1 times=1 UP_C:ok...
-----10: cet4:66, cet6:23, ge:0, gre:0, toefl:0
word:within, times:1, cat: 1
CURL post word=within aid=10 cat=1 times=1 UP_C:ok...
-----10: cet4:67, cet6:23, ge:0, gre:0, toefl:0
word:define, times:1, cat: 1 2
CURL post word=define aid=10 cat=1 times=1 UP_C:ok...
CURL post word=define aid=10 cat=2 times=1 UP_C:ok...
-----10: cet4:68, cet6:24, ge:0, gre:0, toefl:0
word:inefficient, times:1, cat: 1
CURL post word=inefficient aid=10 cat=1 times=1 UP_C:ok...
LAST:10: cet4:69, cet6:24, ge:0, gre:0, toefl:0
UP STATICS:UP_SC:ok, aid=10 total=391 					cet4=69 cet6=24 					ge=0 gre=0 toefl=0 					http://192.168.56.101/rsystem/savesta
10:end-parse finished-------------------


